1512649284128	geckodriver	INFO	Listening on 127.0.0.1:57590
1512649284741	geckodriver::marionette	INFO	Starting browser C:\Program Files\Mozilla Firefox\firefox.exe with args ["-marionette"]
1512649286569	Marionette	INFO	Enabled via --marionette
1512649290201	Marionette	INFO	Listening on port 57595
1512649291106	Marionette	WARN	TLS certificate errors will be ignored for this session
1512649291184	Marionette	DEBUG	Register listener.js for window 4294967297
1512649291227	Marionette	DEBUG	Received DOM event "beforeunload" for "about:blank"
1512649296195	Marionette	DEBUG	Received DOM event "pagehide" for "about:blank"
1512649296196	Marionette	DEBUG	Received DOM event "unload" for "about:blank"
Unable to read VR Path Registry from C:\Users\pingv\AppData\Local\openvr\openvrpaths.vrpath
JavaScript warning: http://www.oddsportal.com/res/x/global-171206140545.js, line 1: unreachable code after return statement
JavaScript warning: http://www.oddsportal.com/res/x/global-171206140545.js, line 1: unreachable code after return statement
1512649298584	Marionette	DEBUG	Received DOM event "DOMContentLoaded" for "http://www.oddsportal.com/login/"
1512649302157	Marionette	DEBUG	Received DOM event "pageshow" for "http://www.oddsportal.com/login/"
1512649302589	Marionette	DEBUG	Received DOM event "beforeunload" for "http://www.oddsportal.com/login/"
1512649302785	Marionette	DEBUG	Received DOM event "pagehide" for "http://www.oddsportal.com/login/"
1512649302787	Marionette	DEBUG	Received DOM event "unload" for "http://www.oddsportal.com/login/"
JavaScript warning: http://www.oddsportal.com/res/x/global-171206140545.js, line 1: unreachable code after return statement
JavaScript warning: http://www.oddsportal.com/res/x/global-171206140545.js, line 1: unreachable code after return statement
1512649303149	Marionette	DEBUG	Received observer notification "outer-window-destroyed" for "4294967312"
1512649303150	Marionette	DEBUG	Received observer notification "outer-window-destroyed" for "4294967328"
1512649303150	Marionette	DEBUG	Received observer notification "outer-window-destroyed" for "4294967301"
1512649303150	Marionette	DEBUG	Received observer notification "outer-window-destroyed" for "4294967317"
1512649303151	Marionette	DEBUG	Received observer notification "outer-window-destroyed" for "4294967302"
1512649303151	Marionette	DEBUG	Received observer notification "outer-window-destroyed" for "4294967303"
1512649303152	Marionette	DEBUG	Received observer notification "outer-window-destroyed" for "4294967304"
1512649303152	Marionette	DEBUG	Received observer notification "outer-window-destroyed" for "4294967314"
1512649303153	Marionette	DEBUG	Received observer notification "outer-window-destroyed" for "4294967318"
1512649303153	Marionette	DEBUG	Received observer notification "outer-window-destroyed" for "4294967321"
1512649303160	Marionette	DEBUG	Received DOM event "DOMContentLoaded" for "http://www.oddsportal.com/login/"
1512649304398	Marionette	DEBUG	Received DOM event "pageshow" for "http://www.oddsportal.com/login/"
1512649306163	Marionette	DEBUG	Received DOM event "beforeunload" for "http://www.oddsportal.com/login/"
1512649306283	Marionette	DEBUG	Received DOM event "pagehide" for "http://www.oddsportal.com/login/"
1512649306284	Marionette	DEBUG	Received DOM event "unload" for "http://www.oddsportal.com/login/"
JavaScript warning: http://www.oddsportal.com/res/x/global-171206140545.js, line 1: unreachable code after return statement
JavaScript warning: http://www.oddsportal.com/res/x/global-171206140545.js, line 1: unreachable code after return statement
1512649306941	Marionette	DEBUG	Received DOM event "DOMContentLoaded" for "http://www.oddsportal.com/hockey/russia/khl/avangard-omsk-lada-togliatti-O2J1E7Ep/"
1512649306944	Marionette	DEBUG	Received observer notification "outer-window-destroyed" for "4294967341"
1512649306945	Marionette	DEBUG	Received observer notification "outer-window-destroyed" for "4294967359"
1512649306945	Marionette	DEBUG	Received observer notification "outer-window-destroyed" for "4294967333"
1512649306946	Marionette	DEBUG	Received observer notification "outer-window-destroyed" for "4294967355"
1512649306946	Marionette	DEBUG	Received observer notification "outer-window-destroyed" for "4294967334"
1512649306947	Marionette	DEBUG	Received observer notification "outer-window-destroyed" for "4294967335"
1512649306947	Marionette	DEBUG	Received observer notification "outer-window-destroyed" for "4294967336"
1512649306948	Marionette	DEBUG	Received observer notification "outer-window-destroyed" for "4294967345"
1512649306948	Marionette	DEBUG	Received observer notification "outer-window-destroyed" for "4294967349"
1512649306949	Marionette	DEBUG	Received observer notification "outer-window-destroyed" for "4294967351"
1512649309000	Marionette	DEBUG	Received DOM event "pageshow" for "http://www.oddsportal.com/hockey/russia/khl/avangard-omsk-lada-togliatti-O2J1E7Ep/"
1512649335212	Marionette	DEBUG	Received DOM event "beforeunload" for "http://www.oddsportal.com/hockey/russia/khl/avangard-omsk-lada-togliatti-O2J1E7Ep/"
1512649335692	Marionette	DEBUG	Received DOM event "pagehide" for "http://www.oddsportal.com/hockey/russia/khl/avangard-omsk-lada-togliatti-O2J1E7Ep/"
1512649335695	Marionette	DEBUG	Received DOM event "unload" for "http://www.oddsportal.com/hockey/russia/khl/avangard-omsk-lada-togliatti-O2J1E7Ep/"
JavaScript warning: http://www.oddsportal.com/res/x/global-171206140545.js, line 1: unreachable code after return statement
JavaScript warning: http://www.oddsportal.com/res/x/global-171206140545.js, line 1: unreachable code after return statement
1512649336564	Marionette	DEBUG	Received DOM event "DOMContentLoaded" for "http://www.oddsportal.com/hockey/russia/khl/avangard-omsk-yekaterinburg-xruJMV64/"
1512649336564	Marionette	DEBUG	Received observer notification "outer-window-destroyed" for "4294967374"
1512649336564	Marionette	DEBUG	Received observer notification "outer-window-destroyed" for "4294967392"
1512649336565	Marionette	DEBUG	Received observer notification "outer-window-destroyed" for "4294967364"
1512649336565	Marionette	DEBUG	Received observer notification "outer-window-destroyed" for "4294967387"
1512649336565	Marionette	DEBUG	Received observer notification "outer-window-destroyed" for "4294967365"
1512649336566	Marionette	DEBUG	Received observer notification "outer-window-destroyed" for "4294967366"
1512649336566	Marionette	DEBUG	Received observer notification "outer-window-destroyed" for "4294967367"
1512649336567	Marionette	DEBUG	Received observer notification "outer-window-destroyed" for "4294967378"
1512649336567	Marionette	DEBUG	Received observer notification "outer-window-destroyed" for "4294967381"
1512649336568	Marionette	DEBUG	Received observer notification "outer-window-destroyed" for "4294967383"
1512649338668	Marionette	DEBUG	Received DOM event "pageshow" for "http://www.oddsportal.com/hockey/russia/khl/avangard-omsk-yekaterinburg-xruJMV64/"
JavaScript warning: http://www.oddsportal.com/res/x/global-171206140545.js, line 1: unreachable code after return statement
JavaScript warning: http://www.oddsportal.com/res/x/global-171206140545.js, line 1: unreachable code after return statement
JavaScript warning: http://www.oddsportal.com/res/x/global-171206140545.js, line 1: unreachable code after return statement
JavaScript warning: http://www.oddsportal.com/res/x/global-171206140545.js, line 1: unreachable code after return statement
JavaScript warning: http://www.oddsportal.com/res/x/global-171206140545.js, line 1: unreachable code after return statement
JavaScript warning: http://www.oddsportal.com/res/x/global-171206140545.js, line 1: unreachable code after return statement
Unable to read VR Path Registry from C:\Users\pingv\AppData\Local\openvr\openvrpaths.vrpath
[Parent 3472, Gecko_IOThread] WARNING: pipe error: 109: file z:/build/build/src/ipc/chromium/src/chrome/common/ipc_channel_win.cc, line 346
1512649367381	geckodriver	INFO	Listening on 127.0.0.1:58004
1512649367949	geckodriver::marionette	INFO	Starting browser C:\Program Files\Mozilla Firefox\firefox.exe with args ["-marionette"]
1512649368992	Marionette	INFO	Enabled via --marionette
Unable to read VR Path Registry from C:\Users\pingv\AppData\Local\openvr\openvrpaths.vrpath
[Child 12488, Chrome_ChildThread] WARNING: pipe error: 109: file z:/build/build/src/ipc/chromium/src/chrome/common/ipc_channel_win.cc, line 346
[Child 12488, Chrome_ChildThread] WARNING: pipe error: 109: file z:/build/build/src/ipc/chromium/src/chrome/common/ipc_channel_win.cc, line 346
1512649371410	Marionette	INFO	Listening on port 58008
1512649372168	Marionette	WARN	TLS certificate errors will be ignored for this session
1512649372243	Marionette	DEBUG	Register listener.js for window 4294967297
1512649372274	Marionette	DEBUG	Received DOM event "beforeunload" for "about:blank"
1512649372744	Marionette	DEBUG	Received DOM event "pagehide" for "about:blank"
1512649372745	Marionette	DEBUG	Received DOM event "unload" for "about:blank"
Unable to read VR Path Registry from C:\Users\pingv\AppData\Local\openvr\openvrpaths.vrpath
JavaScript warning: http://www.oddsportal.com/res/x/global-171206140545.js, line 1: unreachable code after return statement
JavaScript warning: http://www.oddsportal.com/res/x/global-171206140545.js, line 1: unreachable code after return statement
1512649375028	Marionette	DEBUG	Received DOM event "DOMContentLoaded" for "http://www.oddsportal.com/login/"
1512649382137	Marionette	DEBUG	Received DOM event "pageshow" for "http://www.oddsportal.com/login/"
1512649382513	Marionette	DEBUG	Received DOM event "beforeunload" for "http://www.oddsportal.com/login/"
1512649382756	Marionette	DEBUG	Received DOM event "pagehide" for "http://www.oddsportal.com/login/"
1512649382757	Marionette	DEBUG	Received DOM event "unload" for "http://www.oddsportal.com/login/"
JavaScript warning: http://www.oddsportal.com/res/x/global-171206140545.js, line 1: unreachable code after return statement
JavaScript warning: http://www.oddsportal.com/res/x/global-171206140545.js, line 1: unreachable code after return statement
1512649382976	Marionette	DEBUG	Received observer notification "outer-window-destroyed" for "4294967312"
1512649382977	Marionette	DEBUG	Received observer notification "outer-window-destroyed" for "4294967329"
1512649382978	Marionette	DEBUG	Received observer notification "outer-window-destroyed" for "4294967301"
1512649382978	Marionette	DEBUG	Received observer notification "outer-window-destroyed" for "4294967324"
1512649382979	Marionette	DEBUG	Received observer notification "outer-window-destroyed" for "4294967302"
1512649382979	Marionette	DEBUG	Received observer notification "outer-window-destroyed" for "4294967303"
1512649382980	Marionette	DEBUG	Received observer notification "outer-window-destroyed" for "4294967304"
1512649382981	Marionette	DEBUG	Received observer notification "outer-window-destroyed" for "4294967313"
1512649382983	Marionette	DEBUG	Received observer notification "outer-window-destroyed" for "4294967316"
1512649382983	Marionette	DEBUG	Received observer notification "outer-window-destroyed" for "4294967318"
1512649384058	Marionette	DEBUG	Received DOM event "DOMContentLoaded" for "http://www.oddsportal.com/login/"
1512649385998	Marionette	DEBUG	Received DOM event "pageshow" for "http://www.oddsportal.com/login/"
1512649389147	Marionette	DEBUG	Received DOM event "beforeunload" for "http://www.oddsportal.com/login/"
1512649389272	Marionette	DEBUG	Received DOM event "pagehide" for "http://www.oddsportal.com/login/"
1512649389273	Marionette	DEBUG	Received DOM event "unload" for "http://www.oddsportal.com/login/"
JavaScript warning: http://www.oddsportal.com/res/x/global-171206140545.js, line 1: unreachable code after return statement
JavaScript warning: http://www.oddsportal.com/res/x/global-171206140545.js, line 1: unreachable code after return statement
1512649391368	Marionette	DEBUG	Received DOM event "DOMContentLoaded" for "http://www.oddsportal.com/hockey/russia/khl/avangard-omsk-lada-togliatti-O2J1E7Ep/"
1512649391369	Marionette	DEBUG	Received observer notification "outer-window-destroyed" for "4294967342"
1512649391370	Marionette	DEBUG	Received observer notification "outer-window-destroyed" for "4294967360"
1512649391370	Marionette	DEBUG	Received observer notification "outer-window-destroyed" for "4294967334"
1512649391370	Marionette	DEBUG	Received observer notification "outer-window-destroyed" for "4294967356"
1512649391371	Marionette	DEBUG	Received observer notification "outer-window-destroyed" for "4294967335"
1512649391371	Marionette	DEBUG	Received observer notification "outer-window-destroyed" for "4294967336"
1512649391372	Marionette	DEBUG	Received observer notification "outer-window-destroyed" for "4294967340"
1512649391373	Marionette	DEBUG	Received observer notification "outer-window-destroyed" for "4294967345"
1512649391374	Marionette	DEBUG	Received observer notification "outer-window-destroyed" for "4294967350"
1512649391375	Marionette	DEBUG	Received observer notification "outer-window-destroyed" for "4294967352"
1512649393724	Marionette	DEBUG	Received DOM event "pageshow" for "http://www.oddsportal.com/hockey/russia/khl/avangard-omsk-lada-togliatti-O2J1E7Ep/"
*** UTM:SVC TimerManager:registerTimer called after profile-before-change notification. Ignoring timer registration for id: telemetry_modules_ping

###!!! [Child][MessageChannel::SendAndWait] Error: Channel error: cannot send/recv

Unable to read VR Path Registry from C:\Users\pingv\AppData\Local\openvr\openvrpaths.vrpath
